{"/Users/liuyanzhao/code/taobao-shopping-cart/src/App.vue": {"path":"/Users/liuyanzhao/code/taobao-shopping-cart/src/App.vue","statementMap":{},"fnMap":{},"branchMap":{},"s":{},"f":{},"b":{}}
,"/Users/liuyanzhao/code/taobao-shopping-cart/src/main.ts": {"path":"/Users/liuyanzhao/code/taobao-shopping-cart/src/main.ts","statementMap":{},"fnMap":{},"branchMap":{},"s":{},"f":{},"b":{}}
,"/Users/liuyanzhao/code/taobao-shopping-cart/src/registerServiceWorker.ts": {"path":"/Users/liuyanzhao/code/taobao-shopping-cart/src/registerServiceWorker.ts","statementMap":{},"fnMap":{},"branchMap":{},"s":{},"f":{},"b":{}}
,"/Users/liuyanzhao/code/taobao-shopping-cart/src/shims-tsx.d.ts": {"path":"/Users/liuyanzhao/code/taobao-shopping-cart/src/shims-tsx.d.ts","statementMap":{},"fnMap":{},"branchMap":{},"s":{},"f":{},"b":{}}
,"/Users/liuyanzhao/code/taobao-shopping-cart/src/shims-vue.d.ts": {"path":"/Users/liuyanzhao/code/taobao-shopping-cart/src/shims-vue.d.ts","statementMap":{},"fnMap":{},"branchMap":{},"s":{},"f":{},"b":{}}
,"/Users/liuyanzhao/code/taobao-shopping-cart/src/assets/mock/data.ts": {"path":"/Users/liuyanzhao/code/taobao-shopping-cart/src/assets/mock/data.ts","statementMap":{"0":{"start":{"line":5,"column":31},"end":{"line":244,"column":2}}},"fnMap":{},"branchMap":{},"s":{"0":8},"f":{},"b":{}}
,"/Users/liuyanzhao/code/taobao-shopping-cart/src/components/CommonFooter.vue": {"path":"/Users/liuyanzhao/code/taobao-shopping-cart/src/components/CommonFooter.vue","statementMap":{"0":{"start":{"line":18,"column":0},"end":{"line":41,"column":null}},"1":{"start":{"line":19,"column":10},"end":{"line":40,"column":null}},"2":{"start":{"line":18,"column":21},"end":{"line":41,"column":null}}},"fnMap":{"0":{"name":"(anonymous_0)","decl":{"start":{"line":18,"column":0},"end":{"line":18,"column":21}},"loc":{"start":{"line":18,"column":0},"end":{"line":41,"column":1}}}},"branchMap":{},"s":{"0":8,"1":8,"2":8},"f":{"0":8},"b":{}}
,"/Users/liuyanzhao/code/taobao-shopping-cart/src/components/CommonHeader.vue": {"path":"/Users/liuyanzhao/code/taobao-shopping-cart/src/components/CommonHeader.vue","statementMap":{"0":{"start":{"line":12,"column":0},"end":{"line":14,"column":null}},"1":{"start":{"line":13,"column":18},"end":{"line":13,"column":null}},"2":{"start":{"line":12,"column":21},"end":{"line":14,"column":null}}},"fnMap":{},"branchMap":{},"s":{"0":8,"1":8,"2":8},"f":{},"b":{}}
,"/Users/liuyanzhao/code/taobao-shopping-cart/src/components/Item.vue": {"path":"/Users/liuyanzhao/code/taobao-shopping-cart/src/components/Item.vue","statementMap":{"0":{"start":{"line":335,"column":0},"end":{"line":695,"column":null}},"1":{"start":{"line":344,"column":12},"end":{"line":345,"column":75}},"2":{"start":{"line":347,"column":12},"end":{"line":347,"column":31}},"3":{"start":{"line":349,"column":12},"end":{"line":349,"column":28}},"4":{"start":{"line":351,"column":12},"end":{"line":351,"column":25}},"5":{"start":{"line":353,"column":12},"end":{"line":353,"column":49}},"6":{"start":{"line":355,"column":12},"end":{"line":355,"column":33}},"7":{"start":{"line":357,"column":12},"end":{"line":357,"column":30}},"8":{"start":{"line":359,"column":12},"end":{"line":359,"column":35}},"9":{"start":{"line":361,"column":12},"end":{"line":361,"column":34}},"10":{"start":{"line":363,"column":12},"end":{"line":363,"column":30}},"11":{"start":{"line":365,"column":12},"end":{"line":365,"column":28}},"12":{"start":{"line":367,"column":12},"end":{"line":367,"column":26}},"13":{"start":{"line":370,"column":6},"end":{"line":373,"column":8}},"14":{"start":{"line":371,"column":22},"end":{"line":371,"column":48}},"15":{"start":{"line":378,"column":6},"end":{"line":378,"column":53}},"16":{"start":{"line":379,"column":6},"end":{"line":379,"column":29}},"17":{"start":{"line":380,"column":6},"end":{"line":383,"column":null}},"18":{"start":{"line":380,"column":19},"end":{"line":380,"column":20}},"19":{"start":{"line":380,"column":26},"end":{"line":380,"column":47}},"20":{"start":{"line":381,"column":8},"end":{"line":382,"column":73}},"21":{"start":{"line":388,"column":21},"end":{"line":389,"column":null}},"22":{"start":{"line":389,"column":19},"end":{"line":389,"column":42}},"23":{"start":{"line":391,"column":6},"end":{"line":391,"column":20}},"24":{"start":{"line":396,"column":6},"end":{"line":396,"column":51}},"25":{"start":{"line":396,"column":40},"end":{"line":396,"column":49}},"26":{"start":{"line":401,"column":6},"end":{"line":401,"column":62}},"27":{"start":{"line":401,"column":41},"end":{"line":401,"column":60}},"28":{"start":{"line":406,"column":24},"end":{"line":406,"column":53}},"29":{"start":{"line":408,"column":6},"end":{"line":410,"column":null}},"30":{"start":{"line":409,"column":8},"end":{"line":409,"column":63}},"31":{"start":{"line":409,"column":51},"end":{"line":409,"column":61}},"32":{"start":{"line":412,"column":6},"end":{"line":412,"column":16}},"33":{"start":{"line":417,"column":21},"end":{"line":417,"column":59}},"34":{"start":{"line":419,"column":6},"end":{"line":421,"column":null}},"35":{"start":{"line":420,"column":8},"end":{"line":420,"column":81}},"36":{"start":{"line":420,"column":37},"end":{"line":420,"column":79}},"37":{"start":{"line":423,"column":6},"end":{"line":423,"column":19}},"38":{"start":{"line":428,"column":24},"end":{"line":429,"column":null}},"39":{"start":{"line":429,"column":15},"end":{"line":429,"column":39}},"40":{"start":{"line":432,"column":6},"end":{"line":432,"column":23}},"41":{"start":{"line":437,"column":34},"end":{"line":437,"column":69}},"42":{"start":{"line":438,"column":6},"end":{"line":444,"column":null}},"43":{"start":{"line":439,"column":8},"end":{"line":441,"column":10}},"44":{"start":{"line":440,"column":17},"end":{"line":440,"column":40}},"45":{"start":{"line":443,"column":8},"end":{"line":443,"column":34}},"46":{"start":{"line":449,"column":30},"end":{"line":449,"column":59}},"47":{"start":{"line":450,"column":24},"end":{"line":450,"column":53}},"48":{"start":{"line":452,"column":6},"end":{"line":471,"column":null}},"49":{"start":{"line":453,"column":8},"end":{"line":470,"column":null}},"50":{"start":{"line":454,"column":40},"end":{"line":455,"column":null}},"51":{"start":{"line":457,"column":10},"end":{"line":459,"column":12}},"52":{"start":{"line":458,"column":19},"end":{"line":458,"column":61}},"53":{"start":{"line":461,"column":10},"end":{"line":469,"column":13}},"54":{"start":{"line":462,"column":12},"end":{"line":468,"column":null}},"55":{"start":{"line":463,"column":14},"end":{"line":467,"column":17}},"56":{"start":{"line":484,"column":6},"end":{"line":513,"column":null}},"57":{"start":{"line":486,"column":8},"end":{"line":499,"column":null}},"58":{"start":{"line":487,"column":10},"end":{"line":487,"column":33}},"59":{"start":{"line":488,"column":10},"end":{"line":488,"column":44}},"60":{"start":{"line":489,"column":10},"end":{"line":489,"column":28}},"61":{"start":{"line":490,"column":10},"end":{"line":490,"column":29}},"62":{"start":{"line":492,"column":10},"end":{"line":494,"column":30}},"63":{"start":{"line":496,"column":10},"end":{"line":498,"column":null}},"64":{"start":{"line":497,"column":12},"end":{"line":497,"column":67}},"65":{"start":{"line":501,"column":13},"end":{"line":513,"column":null}},"66":{"start":{"line":502,"column":8},"end":{"line":502,"column":31}},"67":{"start":{"line":503,"column":8},"end":{"line":503,"column":26}},"68":{"start":{"line":504,"column":8},"end":{"line":504,"column":42}},"69":{"start":{"line":505,"column":8},"end":{"line":505,"column":27}},"70":{"start":{"line":507,"column":8},"end":{"line":509,"column":28}},"71":{"start":{"line":510,"column":8},"end":{"line":512,"column":null}},"72":{"start":{"line":511,"column":10},"end":{"line":511,"column":65}},"73":{"start":{"line":523,"column":6},"end":{"line":535,"column":null}},"74":{"start":{"line":524,"column":8},"end":{"line":524,"column":31}},"75":{"start":{"line":525,"column":8},"end":{"line":525,"column":26}},"76":{"start":{"line":526,"column":8},"end":{"line":526,"column":44}},"77":{"start":{"line":527,"column":8},"end":{"line":527,"column":27}},"78":{"start":{"line":529,"column":8},"end":{"line":531,"column":28}},"79":{"start":{"line":532,"column":8},"end":{"line":534,"column":null}},"80":{"start":{"line":533,"column":10},"end":{"line":533,"column":65}},"81":{"start":{"line":540,"column":26},"end":{"line":540,"column":60}},"82":{"start":{"line":541,"column":24},"end":{"line":541,"column":73}},"83":{"start":{"line":542,"column":27},"end":{"line":543,"column":null}},"84":{"start":{"line":545,"column":27},"end":{"line":545,"column":65}},"85":{"start":{"line":546,"column":6},"end":{"line":549,"column":null}},"86":{"start":{"line":546,"column":19},"end":{"line":546,"column":20}},"87":{"start":{"line":546,"column":26},"end":{"line":546,"column":42}},"88":{"start":{"line":547,"column":8},"end":{"line":547,"column":53}},"89":{"start":{"line":548,"column":8},"end":{"line":548,"column":66}},"90":{"start":{"line":550,"column":6},"end":{"line":554,"column":null}},"91":{"start":{"line":551,"column":8},"end":{"line":551,"column":38}},"92":{"start":{"line":553,"column":8},"end":{"line":553,"column":38}},"93":{"start":{"line":559,"column":6},"end":{"line":573,"column":8}},"94":{"start":{"line":560,"column":32},"end":{"line":561,"column":null}},"95":{"start":{"line":563,"column":29},"end":{"line":564,"column":null}},"96":{"start":{"line":566,"column":8},"end":{"line":572,"column":null}},"97":{"start":{"line":567,"column":10},"end":{"line":567,"column":52}},"98":{"start":{"line":568,"column":10},"end":{"line":568,"column":65}},"99":{"start":{"line":570,"column":10},"end":{"line":570,"column":55}},"100":{"start":{"line":571,"column":10},"end":{"line":571,"column":68}},"101":{"start":{"line":578,"column":6},"end":{"line":578,"column":29}},"102":{"start":{"line":579,"column":6},"end":{"line":579,"column":38}},"103":{"start":{"line":580,"column":6},"end":{"line":580,"column":24}},"104":{"start":{"line":589,"column":6},"end":{"line":589,"column":29}},"105":{"start":{"line":590,"column":6},"end":{"line":590,"column":38}},"106":{"start":{"line":591,"column":6},"end":{"line":591,"column":24}},"107":{"start":{"line":592,"column":6},"end":{"line":592,"column":41}},"108":{"start":{"line":593,"column":6},"end":{"line":593,"column":37}},"109":{"start":{"line":594,"column":6},"end":{"line":594,"column":31}},"110":{"start":{"line":599,"column":6},"end":{"line":631,"column":null}},"111":{"start":{"line":600,"column":8},"end":{"line":608,"column":null}},"112":{"start":{"line":601,"column":10},"end":{"line":604,"column":12}},"113":{"start":{"line":605,"column":10},"end":{"line":605,"column":34}},"114":{"start":{"line":607,"column":10},"end":{"line":607,"column":34}},"115":{"start":{"line":609,"column":13},"end":{"line":631,"column":null}},"116":{"start":{"line":610,"column":8},"end":{"line":613,"column":10}},"117":{"start":{"line":614,"column":8},"end":{"line":619,"column":null}},"118":{"start":{"line":618,"column":10},"end":{"line":618,"column":62}},"119":{"start":{"line":621,"column":8},"end":{"line":621,"column":43}},"120":{"start":{"line":624,"column":23},"end":{"line":624,"column":56}},"121":{"start":{"line":625,"column":8},"end":{"line":627,"column":null}},"122":{"start":{"line":626,"column":10},"end":{"line":626,"column":44}},"123":{"start":{"line":628,"column":8},"end":{"line":628,"column":32}},"124":{"start":{"line":630,"column":8},"end":{"line":630,"column":32}},"125":{"start":{"line":636,"column":22},"end":{"line":636,"column":71}},"126":{"start":{"line":637,"column":6},"end":{"line":637,"column":39}},"127":{"start":{"line":638,"column":6},"end":{"line":638,"column":32}},"128":{"start":{"line":643,"column":22},"end":{"line":643,"column":71}},"129":{"start":{"line":644,"column":6},"end":{"line":647,"column":null}},"130":{"start":{"line":645,"column":8},"end":{"line":645,"column":44}},"131":{"start":{"line":646,"column":8},"end":{"line":646,"column":35}},"132":{"start":{"line":652,"column":6},"end":{"line":662,"column":null}},"133":{"start":{"line":653,"column":8},"end":{"line":653,"column":31}},"134":{"start":{"line":654,"column":8},"end":{"line":654,"column":26}},"135":{"start":{"line":655,"column":8},"end":{"line":655,"column":39}},"136":{"start":{"line":656,"column":8},"end":{"line":656,"column":27}},"137":{"start":{"line":658,"column":8},"end":{"line":658,"column":31}},"138":{"start":{"line":659,"column":8},"end":{"line":659,"column":26}},"139":{"start":{"line":660,"column":8},"end":{"line":660,"column":42}},"140":{"start":{"line":661,"column":8},"end":{"line":661,"column":27}},"141":{"start":{"line":667,"column":6},"end":{"line":669,"column":15}},"142":{"start":{"line":668,"column":8},"end":{"line":668,"column":32}},"143":{"start":{"line":674,"column":19},"end":{"line":674,"column":37}},"144":{"start":{"line":675,"column":6},"end":{"line":675,"column":34}},"145":{"start":{"line":679,"column":6},"end":{"line":693,"column":null}},"146":{"start":{"line":680,"column":8},"end":{"line":680,"column":29}},"147":{"start":{"line":682,"column":8},"end":{"line":692,"column":11}},"148":{"start":{"line":683,"column":10},"end":{"line":691,"column":13}},"149":{"start":{"line":684,"column":12},"end":{"line":690,"column":null}},"150":{"start":{"line":685,"column":14},"end":{"line":689,"column":17}},"151":{"start":{"line":336,"column":12},"end":{"line":336,"column":null}},"152":{"start":{"line":338,"column":12},"end":{"line":338,"column":null}},"153":{"start":{"line":340,"column":12},"end":{"line":340,"column":null}},"154":{"start":{"line":342,"column":12},"end":{"line":342,"column":null}},"155":{"start":{"line":377,"column":4},"end":{"line":384,"column":null}},"156":{"start":{"line":335,"column":21},"end":{"line":695,"column":null}}},"fnMap":{"0":{"name":"(anonymous_0)","decl":{"start":{"line":335,"column":0},"end":{"line":335,"column":21}},"loc":{"start":{"line":335,"column":0},"end":{"line":695,"column":1}}},"1":{"name":"(anonymous_1)","decl":{"start":{"line":369,"column":4},"end":{"line":369,"column":8}},"loc":{"start":{"line":369,"column":18},"end":{"line":374,"column":5}}},"2":{"name":"(anonymous_2)","decl":{"start":{"line":371,"column":8},"end":{"line":371,"column":9}},"loc":{"start":{"line":371,"column":22},"end":{"line":371,"column":48}}},"3":{"name":"(anonymous_3)","decl":{"start":{"line":377,"column":4},"end":{"line":377,"column":11}},"loc":{"start":{"line":377,"column":11},"end":{"line":384,"column":5}}},"4":{"name":"(anonymous_4)","decl":{"start":{"line":387,"column":11},"end":{"line":387,"column":24}},"loc":{"start":{"line":387,"column":38},"end":{"line":392,"column":5}}},"5":{"name":"(anonymous_5)","decl":{"start":{"line":389,"column":8},"end":{"line":389,"column":15}},"loc":{"start":{"line":389,"column":19},"end":{"line":389,"column":42}}},"6":{"name":"(anonymous_6)","decl":{"start":{"line":395,"column":11},"end":{"line":395,"column":30}},"loc":{"start":{"line":395,"column":30},"end":{"line":397,"column":5}}},"7":{"name":"(anonymous_7)","decl":{"start":{"line":396,"column":33},"end":{"line":396,"column":36}},"loc":{"start":{"line":396,"column":40},"end":{"line":396,"column":49}}},"8":{"name":"(anonymous_8)","decl":{"start":{"line":400,"column":11},"end":{"line":400,"column":30}},"loc":{"start":{"line":400,"column":44},"end":{"line":402,"column":5}}},"9":{"name":"(anonymous_9)","decl":{"start":{"line":401,"column":34},"end":{"line":401,"column":37}},"loc":{"start":{"line":401,"column":41},"end":{"line":401,"column":60}}},"10":{"name":"(anonymous_10)","decl":{"start":{"line":405,"column":11},"end":{"line":405,"column":35}},"loc":{"start":{"line":405,"column":51},"end":{"line":413,"column":5}}},"11":{"name":"(anonymous_11)","decl":{"start":{"line":409,"column":44},"end":{"line":409,"column":47}},"loc":{"start":{"line":409,"column":51},"end":{"line":409,"column":61}}},"12":{"name":"(anonymous_12)","decl":{"start":{"line":416,"column":11},"end":{"line":416,"column":26}},"loc":{"start":{"line":416,"column":42},"end":{"line":424,"column":5}}},"13":{"name":"(anonymous_13)","decl":{"start":{"line":420,"column":28},"end":{"line":420,"column":33}},"loc":{"start":{"line":420,"column":37},"end":{"line":420,"column":79}}},"14":{"name":"(anonymous_14)","decl":{"start":{"line":427,"column":11},"end":{"line":427,"column":26}},"loc":{"start":{"line":427,"column":42},"end":{"line":433,"column":5}}},"15":{"name":"(anonymous_15)","decl":{"start":{"line":429,"column":8},"end":{"line":429,"column":11}},"loc":{"start":{"line":429,"column":15},"end":{"line":429,"column":39}}},"16":{"name":"(anonymous_16)","decl":{"start":{"line":436,"column":11},"end":{"line":436,"column":26}},"loc":{"start":{"line":436,"column":49},"end":{"line":445,"column":5}}},"17":{"name":"(anonymous_17)","decl":{"start":{"line":440,"column":10},"end":{"line":440,"column":13}},"loc":{"start":{"line":440,"column":17},"end":{"line":440,"column":40}}},"18":{"name":"(anonymous_18)","decl":{"start":{"line":448,"column":11},"end":{"line":448,"column":22}},"loc":{"start":{"line":448,"column":38},"end":{"line":472,"column":5}}},"19":{"name":"(anonymous_19)","decl":{"start":{"line":458,"column":12},"end":{"line":458,"column":15}},"loc":{"start":{"line":458,"column":19},"end":{"line":458,"column":61}}},"20":{"name":"(anonymous_20)","decl":{"start":{"line":461,"column":43},"end":{"line":461,"column":46}},"loc":{"start":{"line":461,"column":49},"end":{"line":469,"column":11}}},"21":{"name":"(anonymous_21)","decl":{"start":{"line":475,"column":11},"end":{"line":475,"column":19}},"loc":{"start":{"line":481,"column":19},"end":{"line":514,"column":5}}},"22":{"name":"(anonymous_22)","decl":{"start":{"line":517,"column":11},"end":{"line":517,"column":22}},"loc":{"start":{"line":521,"column":19},"end":{"line":536,"column":5}}},"23":{"name":"(anonymous_23)","decl":{"start":{"line":539,"column":11},"end":{"line":539,"column":23}},"loc":{"start":{"line":539,"column":42},"end":{"line":555,"column":5}}},"24":{"name":"(anonymous_24)","decl":{"start":{"line":558,"column":11},"end":{"line":558,"column":23}},"loc":{"start":{"line":558,"column":54},"end":{"line":574,"column":5}}},"25":{"name":"(anonymous_25)","decl":{"start":{"line":559,"column":13},"end":{"line":559,"column":14}},"loc":{"start":{"line":559,"column":35},"end":{"line":573,"column":7}}},"26":{"name":"(anonymous_26)","decl":{"start":{"line":577,"column":11},"end":{"line":577,"column":34}},"loc":{"start":{"line":577,"column":34},"end":{"line":581,"column":5}}},"27":{"name":"(anonymous_27)","decl":{"start":{"line":584,"column":11},"end":{"line":584,"column":26}},"loc":{"start":{"line":587,"column":22},"end":{"line":595,"column":5}}},"28":{"name":"(anonymous_28)","decl":{"start":{"line":598,"column":11},"end":{"line":598,"column":28}},"loc":{"start":{"line":598,"column":67},"end":{"line":632,"column":5}}},"29":{"name":"(anonymous_29)","decl":{"start":{"line":635,"column":11},"end":{"line":635,"column":26}},"loc":{"start":{"line":635,"column":26},"end":{"line":639,"column":5}}},"30":{"name":"(anonymous_30)","decl":{"start":{"line":642,"column":11},"end":{"line":642,"column":29}},"loc":{"start":{"line":642,"column":52},"end":{"line":648,"column":5}}},"31":{"name":"(anonymous_31)","decl":{"start":{"line":651,"column":11},"end":{"line":651,"column":33}},"loc":{"start":{"line":651,"column":33},"end":{"line":663,"column":5}}},"32":{"name":"(anonymous_32)","decl":{"start":{"line":666,"column":11},"end":{"line":666,"column":22}},"loc":{"start":{"line":666,"column":22},"end":{"line":670,"column":5}}},"33":{"name":"(anonymous_33)","decl":{"start":{"line":667,"column":17},"end":{"line":667,"column":20}},"loc":{"start":{"line":667,"column":22},"end":{"line":669,"column":7}}},"34":{"name":"(anonymous_34)","decl":{"start":{"line":673,"column":11},"end":{"line":673,"column":23}},"loc":{"start":{"line":673,"column":39},"end":{"line":676,"column":5}}},"35":{"name":"(anonymous_35)","decl":{"start":{"line":678,"column":11},"end":{"line":678,"column":31}},"loc":{"start":{"line":678,"column":31},"end":{"line":694,"column":5}}},"36":{"name":"(anonymous_36)","decl":{"start":{"line":682,"column":38},"end":{"line":682,"column":43}},"loc":{"start":{"line":682,"column":46},"end":{"line":692,"column":9}}},"37":{"name":"(anonymous_37)","decl":{"start":{"line":683,"column":39},"end":{"line":683,"column":48}},"loc":{"start":{"line":683,"column":51},"end":{"line":691,"column":11}}}},"branchMap":{"0":{"loc":{"start":{"line":408,"column":6},"end":{"line":410,"column":null}},"type":"if","locations":[{"start":{"line":408,"column":6},"end":{"line":410,"column":null}},{"start":{"line":408,"column":6},"end":{"line":410,"column":null}}]},"1":{"loc":{"start":{"line":419,"column":6},"end":{"line":421,"column":null}},"type":"if","locations":[{"start":{"line":419,"column":6},"end":{"line":421,"column":null}},{"start":{"line":419,"column":6},"end":{"line":421,"column":null}}]},"2":{"loc":{"start":{"line":438,"column":6},"end":{"line":444,"column":null}},"type":"if","locations":[{"start":{"line":438,"column":6},"end":{"line":444,"column":null}},{"start":{"line":438,"column":6},"end":{"line":444,"column":null}}]},"3":{"loc":{"start":{"line":452,"column":6},"end":{"line":471,"column":null}},"type":"if","locations":[{"start":{"line":452,"column":6},"end":{"line":471,"column":null}},{"start":{"line":452,"column":6},"end":{"line":471,"column":null}}]},"4":{"loc":{"start":{"line":453,"column":8},"end":{"line":470,"column":null}},"type":"if","locations":[{"start":{"line":453,"column":8},"end":{"line":470,"column":null}},{"start":{"line":453,"column":8},"end":{"line":470,"column":null}}]},"5":{"loc":{"start":{"line":462,"column":12},"end":{"line":468,"column":null}},"type":"if","locations":[{"start":{"line":462,"column":12},"end":{"line":468,"column":null}},{"start":{"line":462,"column":12},"end":{"line":468,"column":null}}]},"6":{"loc":{"start":{"line":484,"column":6},"end":{"line":513,"column":null}},"type":"if","locations":[{"start":{"line":484,"column":6},"end":{"line":513,"column":null}},{"start":{"line":484,"column":6},"end":{"line":513,"column":null}}]},"7":{"loc":{"start":{"line":486,"column":8},"end":{"line":499,"column":null}},"type":"if","locations":[{"start":{"line":486,"column":8},"end":{"line":499,"column":null}},{"start":{"line":486,"column":8},"end":{"line":499,"column":null}}]},"8":{"loc":{"start":{"line":496,"column":10},"end":{"line":498,"column":null}},"type":"if","locations":[{"start":{"line":496,"column":10},"end":{"line":498,"column":null}},{"start":{"line":496,"column":10},"end":{"line":498,"column":null}}]},"9":{"loc":{"start":{"line":501,"column":13},"end":{"line":513,"column":null}},"type":"if","locations":[{"start":{"line":501,"column":13},"end":{"line":513,"column":null}},{"start":{"line":501,"column":13},"end":{"line":513,"column":null}}]},"10":{"loc":{"start":{"line":510,"column":8},"end":{"line":512,"column":null}},"type":"if","locations":[{"start":{"line":510,"column":8},"end":{"line":512,"column":null}},{"start":{"line":510,"column":8},"end":{"line":512,"column":null}}]},"11":{"loc":{"start":{"line":523,"column":6},"end":{"line":535,"column":null}},"type":"if","locations":[{"start":{"line":523,"column":6},"end":{"line":535,"column":null}},{"start":{"line":523,"column":6},"end":{"line":535,"column":null}}]},"12":{"loc":{"start":{"line":532,"column":8},"end":{"line":534,"column":null}},"type":"if","locations":[{"start":{"line":532,"column":8},"end":{"line":534,"column":null}},{"start":{"line":532,"column":8},"end":{"line":534,"column":null}}]},"13":{"loc":{"start":{"line":550,"column":6},"end":{"line":554,"column":null}},"type":"if","locations":[{"start":{"line":550,"column":6},"end":{"line":554,"column":null}},{"start":{"line":550,"column":6},"end":{"line":554,"column":null}}]},"14":{"loc":{"start":{"line":566,"column":8},"end":{"line":572,"column":null}},"type":"if","locations":[{"start":{"line":566,"column":8},"end":{"line":572,"column":null}},{"start":{"line":566,"column":8},"end":{"line":572,"column":null}}]},"15":{"loc":{"start":{"line":599,"column":6},"end":{"line":631,"column":null}},"type":"if","locations":[{"start":{"line":599,"column":6},"end":{"line":631,"column":null}},{"start":{"line":599,"column":6},"end":{"line":631,"column":null}}]},"16":{"loc":{"start":{"line":600,"column":8},"end":{"line":608,"column":null}},"type":"if","locations":[{"start":{"line":600,"column":8},"end":{"line":608,"column":null}},{"start":{"line":600,"column":8},"end":{"line":608,"column":null}}]},"17":{"loc":{"start":{"line":609,"column":13},"end":{"line":631,"column":null}},"type":"if","locations":[{"start":{"line":609,"column":13},"end":{"line":631,"column":null}},{"start":{"line":609,"column":13},"end":{"line":631,"column":null}}]},"18":{"loc":{"start":{"line":614,"column":8},"end":{"line":619,"column":null}},"type":"if","locations":[{"start":{"line":614,"column":8},"end":{"line":619,"column":null}},{"start":{"line":614,"column":8},"end":{"line":619,"column":null}}]},"19":{"loc":{"start":{"line":625,"column":8},"end":{"line":627,"column":null}},"type":"if","locations":[{"start":{"line":625,"column":8},"end":{"line":627,"column":null}},{"start":{"line":625,"column":8},"end":{"line":627,"column":null}}]},"20":{"loc":{"start":{"line":644,"column":6},"end":{"line":647,"column":null}},"type":"if","locations":[{"start":{"line":644,"column":6},"end":{"line":647,"column":null}},{"start":{"line":644,"column":6},"end":{"line":647,"column":null}}]},"21":{"loc":{"start":{"line":652,"column":6},"end":{"line":662,"column":null}},"type":"if","locations":[{"start":{"line":652,"column":6},"end":{"line":662,"column":null}},{"start":{"line":652,"column":6},"end":{"line":662,"column":null}}]},"22":{"loc":{"start":{"line":675,"column":21},"end":{"line":675,"column":26}},"type":"cond-expr","locations":[{"start":{"line":675,"column":21},"end":{"line":675,"column":26}},{"start":{"line":675,"column":29},"end":{"line":675,"column":33}}]},"23":{"loc":{"start":{"line":679,"column":6},"end":{"line":693,"column":null}},"type":"if","locations":[{"start":{"line":679,"column":6},"end":{"line":693,"column":null}},{"start":{"line":679,"column":6},"end":{"line":693,"column":null}}]},"24":{"loc":{"start":{"line":684,"column":12},"end":{"line":690,"column":null}},"type":"if","locations":[{"start":{"line":684,"column":12},"end":{"line":690,"column":null}},{"start":{"line":684,"column":12},"end":{"line":690,"column":null}}]}},"s":{"0":8,"1":6,"2":6,"3":6,"4":6,"5":6,"6":6,"7":6,"8":6,"9":6,"10":6,"11":6,"12":6,"13":0,"14":0,"15":162,"16":162,"17":162,"18":162,"19":162,"20":726,"21":132,"22":552,"23":132,"24":1494,"25":8292,"26":3618,"27":10278,"28":1188,"29":1188,"30":1188,"31":1782,"32":0,"33":1188,"34":1188,"35":1188,"36":1494,"37":0,"38":1224,"39":4284,"40":1224,"41":54,"42":54,"43":54,"44":78,"45":0,"46":36,"47":36,"48":36,"49":36,"50":0,"51":0,"52":0,"53":36,"54":54,"55":54,"56":54,"57":24,"58":6,"59":6,"60":6,"61":6,"62":18,"63":18,"64":18,"65":30,"66":0,"67":0,"68":0,"69":0,"70":30,"71":30,"72":30,"73":54,"74":36,"75":36,"76":36,"77":36,"78":18,"79":18,"80":18,"81":36,"82":36,"83":36,"84":36,"85":36,"86":36,"87":36,"88":54,"89":54,"90":36,"91":36,"92":0,"93":1728,"94":0,"95":0,"96":0,"97":0,"98":0,"99":0,"100":0,"101":0,"102":0,"103":0,"104":0,"105":0,"106":0,"107":0,"108":0,"109":0,"110":0,"111":0,"112":0,"113":0,"114":0,"115":0,"116":0,"117":0,"118":0,"119":0,"120":0,"121":0,"122":0,"123":0,"124":0,"125":0,"126":0,"127":0,"128":0,"129":0,"130":0,"131":0,"132":0,"133":0,"134":0,"135":0,"136":0,"137":0,"138":0,"139":0,"140":0,"141":42,"142":24,"143":1152,"144":1152,"145":6,"146":0,"147":6,"148":36,"149":54,"150":54,"151":8,"152":8,"153":8,"154":8,"155":8,"156":8},"f":{"0":6,"1":0,"2":0,"3":162,"4":132,"5":552,"6":1494,"7":8292,"8":3618,"9":10278,"10":1188,"11":1782,"12":1188,"13":1494,"14":1224,"15":4284,"16":54,"17":78,"18":36,"19":0,"20":54,"21":54,"22":54,"23":36,"24":1728,"25":0,"26":0,"27":0,"28":0,"29":0,"30":0,"31":0,"32":42,"33":24,"34":1152,"35":6,"36":36,"37":54},"b":{"0":[1188,0],"1":[1188,0],"2":[54,0],"3":[36,0],"4":[0,36],"5":[54,0],"6":[24,30],"7":[6,18],"8":[18,0],"9":[0,30],"10":[30,0],"11":[36,18],"12":[18,0],"13":[36,0],"14":[0,0],"15":[0,0],"16":[0,0],"17":[0,0],"18":[0,0],"19":[0,0],"20":[0,0],"21":[0,0],"22":[0,1152],"23":[0,6],"24":[54,0]}}
,"/Users/liuyanzhao/code/taobao-shopping-cart/src/components/NoCommodities.vue": {"path":"/Users/liuyanzhao/code/taobao-shopping-cart/src/components/NoCommodities.vue","statementMap":{},"fnMap":{},"branchMap":{},"s":{},"f":{},"b":{}}
,"/Users/liuyanzhao/code/taobao-shopping-cart/src/components/Overlay.vue": {"path":"/Users/liuyanzhao/code/taobao-shopping-cart/src/components/Overlay.vue","statementMap":{},"fnMap":{},"branchMap":{},"s":{},"f":{},"b":{}}
,"/Users/liuyanzhao/code/taobao-shopping-cart/src/components/PurchaseRestrictionDialog.vue": {"path":"/Users/liuyanzhao/code/taobao-shopping-cart/src/components/PurchaseRestrictionDialog.vue","statementMap":{"0":{"start":{"line":18,"column":0},"end":{"line":30,"column":null}},"1":{"start":{"line":24,"column":6},"end":{"line":24,"column":59}},"2":{"start":{"line":28,"column":6},"end":{"line":28,"column":60}},"3":{"start":{"line":19,"column":18},"end":{"line":19,"column":null}},"4":{"start":{"line":21,"column":18},"end":{"line":21,"column":null}},"5":{"start":{"line":18,"column":21},"end":{"line":30,"column":null}}},"fnMap":{"0":{"name":"(anonymous_0)","decl":{"start":{"line":23,"column":11},"end":{"line":23,"column":19}},"loc":{"start":{"line":23,"column":19},"end":{"line":25,"column":5}}},"1":{"name":"(anonymous_1)","decl":{"start":{"line":27,"column":11},"end":{"line":27,"column":23}},"loc":{"start":{"line":27,"column":23},"end":{"line":29,"column":5}}}},"branchMap":{},"s":{"0":16,"1":0,"2":0,"3":16,"4":16,"5":16},"f":{"0":0,"1":0},"b":{}}
,"/Users/liuyanzhao/code/taobao-shopping-cart/src/components/SkuSelector.vue": {"path":"/Users/liuyanzhao/code/taobao-shopping-cart/src/components/SkuSelector.vue","statementMap":{"0":{"start":{"line":59,"column":0},"end":{"line":106,"column":null}},"1":{"start":{"line":62,"column":12},"end":{"line":93,"column":6}},"2":{"start":{"line":95,"column":12},"end":{"line":101,"column":6}},"3":{"start":{"line":104,"column":6},"end":{"line":104,"column":45}},"4":{"start":{"line":60,"column":19},"end":{"line":60,"column":null}},"5":{"start":{"line":59,"column":21},"end":{"line":106,"column":null}}},"fnMap":{"0":{"name":"(anonymous_0)","decl":{"start":{"line":59,"column":0},"end":{"line":59,"column":21}},"loc":{"start":{"line":59,"column":0},"end":{"line":106,"column":1}}},"1":{"name":"(anonymous_1)","decl":{"start":{"line":103,"column":11},"end":{"line":103,"column":25}},"loc":{"start":{"line":103,"column":25},"end":{"line":105,"column":5}}}},"branchMap":{},"s":{"0":16,"1":9,"2":9,"3":0,"4":16,"5":16},"f":{"0":9,"1":0},"b":{}}
,"/Users/liuyanzhao/code/taobao-shopping-cart/src/components/Total.vue": {"path":"/Users/liuyanzhao/code/taobao-shopping-cart/src/components/Total.vue","statementMap":{"0":{"start":{"line":43,"column":0},"end":{"line":59,"column":null}},"1":{"start":{"line":50,"column":12},"end":{"line":50,"column":36}},"2":{"start":{"line":53,"column":6},"end":{"line":53,"column":63}},"3":{"start":{"line":57,"column":6},"end":{"line":57,"column":43}},"4":{"start":{"line":44,"column":18},"end":{"line":44,"column":null}},"5":{"start":{"line":46,"column":18},"end":{"line":46,"column":null}},"6":{"start":{"line":48,"column":18},"end":{"line":48,"column":null}},"7":{"start":{"line":43,"column":21},"end":{"line":59,"column":null}}},"fnMap":{"0":{"name":"(anonymous_0)","decl":{"start":{"line":43,"column":0},"end":{"line":43,"column":21}},"loc":{"start":{"line":43,"column":0},"end":{"line":59,"column":1}}},"1":{"name":"(anonymous_1)","decl":{"start":{"line":52,"column":11},"end":{"line":52,"column":20}},"loc":{"start":{"line":52,"column":20},"end":{"line":54,"column":5}}},"2":{"name":"(anonymous_2)","decl":{"start":{"line":56,"column":11},"end":{"line":56,"column":22}},"loc":{"start":{"line":56,"column":22},"end":{"line":58,"column":5}}}},"branchMap":{},"s":{"0":16,"1":8,"2":6,"3":0,"4":16,"5":16,"6":16,"7":16},"f":{"0":8,"1":6,"2":0},"b":{}}
,"/Users/liuyanzhao/code/taobao-shopping-cart/src/router/index.ts": {"path":"/Users/liuyanzhao/code/taobao-shopping-cart/src/router/index.ts","statementMap":{},"fnMap":{},"branchMap":{},"s":{},"f":{},"b":{}}
,"/Users/liuyanzhao/code/taobao-shopping-cart/src/shared/constants.ts": {"path":"/Users/liuyanzhao/code/taobao-shopping-cart/src/shared/constants.ts","statementMap":{"0":{"start":{"line":3,"column":20},"end":{"line":11,"column":2}},"1":{"start":{"line":14,"column":39},"end":{"line":18,"column":2}}},"fnMap":{},"branchMap":{},"s":{"0":8,"1":8},"f":{},"b":{}}
,"/Users/liuyanzhao/code/taobao-shopping-cart/src/shared/utils.ts": {"path":"/Users/liuyanzhao/code/taobao-shopping-cart/src/shared/utils.ts","statementMap":{},"fnMap":{},"branchMap":{},"s":{},"f":{},"b":{}}
,"/Users/liuyanzhao/code/taobao-shopping-cart/src/store/index.ts": {"path":"/Users/liuyanzhao/code/taobao-shopping-cart/src/store/index.ts","statementMap":{},"fnMap":{},"branchMap":{},"s":{},"f":{},"b":{}}
,"/Users/liuyanzhao/code/taobao-shopping-cart/src/types/types.ts": {"path":"/Users/liuyanzhao/code/taobao-shopping-cart/src/types/types.ts","statementMap":{},"fnMap":{},"branchMap":{},"s":{},"f":{},"b":{}}
,"/Users/liuyanzhao/code/taobao-shopping-cart/src/views/Home.vue": {"path":"/Users/liuyanzhao/code/taobao-shopping-cart/src/views/Home.vue","statementMap":{},"fnMap":{},"branchMap":{},"s":{},"f":{},"b":{}}
}
