{"/Users/liuyanzhao/baidu/personal-code/liuyanzhao-gc/src/App.vue": {"path":"/Users/liuyanzhao/baidu/personal-code/liuyanzhao-gc/src/App.vue","statementMap":{},"fnMap":{},"branchMap":{},"s":{},"f":{},"b":{}}
,"/Users/liuyanzhao/baidu/personal-code/liuyanzhao-gc/src/main.ts": {"path":"/Users/liuyanzhao/baidu/personal-code/liuyanzhao-gc/src/main.ts","statementMap":{},"fnMap":{},"branchMap":{},"s":{},"f":{},"b":{}}
,"/Users/liuyanzhao/baidu/personal-code/liuyanzhao-gc/src/registerServiceWorker.ts": {"path":"/Users/liuyanzhao/baidu/personal-code/liuyanzhao-gc/src/registerServiceWorker.ts","statementMap":{},"fnMap":{},"branchMap":{},"s":{},"f":{},"b":{}}
,"/Users/liuyanzhao/baidu/personal-code/liuyanzhao-gc/src/shims-tsx.d.ts": {"path":"/Users/liuyanzhao/baidu/personal-code/liuyanzhao-gc/src/shims-tsx.d.ts","statementMap":{},"fnMap":{},"branchMap":{},"s":{},"f":{},"b":{}}
,"/Users/liuyanzhao/baidu/personal-code/liuyanzhao-gc/src/shims-vue.d.ts": {"path":"/Users/liuyanzhao/baidu/personal-code/liuyanzhao-gc/src/shims-vue.d.ts","statementMap":{},"fnMap":{},"branchMap":{},"s":{},"f":{},"b":{}}
,"/Users/liuyanzhao/baidu/personal-code/liuyanzhao-gc/src/assets/mock/data.ts": {"path":"/Users/liuyanzhao/baidu/personal-code/liuyanzhao-gc/src/assets/mock/data.ts","statementMap":{},"fnMap":{},"branchMap":{},"s":{},"f":{},"b":{}}
,"/Users/liuyanzhao/baidu/personal-code/liuyanzhao-gc/src/components/CommonFooter.vue": {"path":"/Users/liuyanzhao/baidu/personal-code/liuyanzhao-gc/src/components/CommonFooter.vue","statementMap":{"0":{"start":{"line":18,"column":0},"end":{"line":41,"column":null}},"1":{"start":{"line":19,"column":12},"end":{"line":40,"column":6}},"2":{"start":{"line":18,"column":21},"end":{"line":41,"column":null}}},"fnMap":{"0":{"name":"(anonymous_0)","decl":{"start":{"line":18,"column":0},"end":{"line":18,"column":21}},"loc":{"start":{"line":18,"column":0},"end":{"line":41,"column":1}}}},"branchMap":{},"s":{"0":6,"1":6,"2":6},"f":{"0":6},"b":{}}
,"/Users/liuyanzhao/baidu/personal-code/liuyanzhao-gc/src/components/CommonHeader.vue": {"path":"/Users/liuyanzhao/baidu/personal-code/liuyanzhao-gc/src/components/CommonHeader.vue","statementMap":{"0":{"start":{"line":12,"column":0},"end":{"line":14,"column":null}},"1":{"start":{"line":13,"column":18},"end":{"line":13,"column":null}},"2":{"start":{"line":12,"column":21},"end":{"line":14,"column":null}}},"fnMap":{},"branchMap":{},"s":{"0":6,"1":6,"2":6},"f":{},"b":{}}
,"/Users/liuyanzhao/baidu/personal-code/liuyanzhao-gc/src/components/Item.vue": {"path":"/Users/liuyanzhao/baidu/personal-code/liuyanzhao-gc/src/components/Item.vue","statementMap":{},"fnMap":{},"branchMap":{},"s":{},"f":{},"b":{}}
,"/Users/liuyanzhao/baidu/personal-code/liuyanzhao-gc/src/components/NoCommodities.vue": {"path":"/Users/liuyanzhao/baidu/personal-code/liuyanzhao-gc/src/components/NoCommodities.vue","statementMap":{},"fnMap":{},"branchMap":{},"s":{},"f":{},"b":{}}
,"/Users/liuyanzhao/baidu/personal-code/liuyanzhao-gc/src/components/Overlay.vue": {"path":"/Users/liuyanzhao/baidu/personal-code/liuyanzhao-gc/src/components/Overlay.vue","statementMap":{},"fnMap":{},"branchMap":{},"s":{},"f":{},"b":{}}
,"/Users/liuyanzhao/baidu/personal-code/liuyanzhao-gc/src/components/PurchaseRestrictionDialog.vue": {"path":"/Users/liuyanzhao/baidu/personal-code/liuyanzhao-gc/src/components/PurchaseRestrictionDialog.vue","statementMap":{},"fnMap":{},"branchMap":{},"s":{},"f":{},"b":{}}
,"/Users/liuyanzhao/baidu/personal-code/liuyanzhao-gc/src/components/SkuSelector.vue": {"path":"/Users/liuyanzhao/baidu/personal-code/liuyanzhao-gc/src/components/SkuSelector.vue","statementMap":{"0":{"start":{"line":59,"column":0},"end":{"line":106,"column":null}},"1":{"start":{"line":62,"column":12},"end":{"line":93,"column":6}},"2":{"start":{"line":95,"column":12},"end":{"line":101,"column":6}},"3":{"start":{"line":104,"column":8},"end":{"line":104,"column":47}},"4":{"start":{"line":60,"column":19},"end":{"line":60,"column":null}},"5":{"start":{"line":59,"column":21},"end":{"line":106,"column":null}}},"fnMap":{"0":{"name":"(anonymous_0)","decl":{"start":{"line":59,"column":0},"end":{"line":59,"column":21}},"loc":{"start":{"line":59,"column":0},"end":{"line":106,"column":1}}},"1":{"name":"(anonymous_1)","decl":{"start":{"line":103,"column":11},"end":{"line":103,"column":25}},"loc":{"start":{"line":103,"column":25},"end":{"line":105,"column":5}}}},"branchMap":{},"s":{"0":6,"1":3,"2":3,"3":0,"4":6,"5":6},"f":{"0":3,"1":0},"b":{}}
,"/Users/liuyanzhao/baidu/personal-code/liuyanzhao-gc/src/components/Total.vue": {"path":"/Users/liuyanzhao/baidu/personal-code/liuyanzhao-gc/src/components/Total.vue","statementMap":{"0":{"start":{"line":43,"column":0},"end":{"line":59,"column":null}},"1":{"start":{"line":50,"column":12},"end":{"line":50,"column":36}},"2":{"start":{"line":53,"column":8},"end":{"line":53,"column":65}},"3":{"start":{"line":57,"column":8},"end":{"line":57,"column":45}},"4":{"start":{"line":44,"column":18},"end":{"line":44,"column":null}},"5":{"start":{"line":46,"column":18},"end":{"line":46,"column":null}},"6":{"start":{"line":48,"column":18},"end":{"line":48,"column":null}},"7":{"start":{"line":43,"column":21},"end":{"line":59,"column":null}}},"fnMap":{"0":{"name":"(anonymous_0)","decl":{"start":{"line":43,"column":0},"end":{"line":43,"column":21}},"loc":{"start":{"line":43,"column":0},"end":{"line":59,"column":1}}},"1":{"name":"(anonymous_1)","decl":{"start":{"line":52,"column":11},"end":{"line":52,"column":20}},"loc":{"start":{"line":52,"column":20},"end":{"line":54,"column":5}}},"2":{"name":"(anonymous_2)","decl":{"start":{"line":56,"column":11},"end":{"line":56,"column":22}},"loc":{"start":{"line":56,"column":22},"end":{"line":58,"column":5}}}},"branchMap":{},"s":{"0":6,"1":2,"2":0,"3":0,"4":6,"5":6,"6":6,"7":6},"f":{"0":2,"1":0,"2":0},"b":{}}
,"/Users/liuyanzhao/baidu/personal-code/liuyanzhao-gc/src/router/index.ts": {"path":"/Users/liuyanzhao/baidu/personal-code/liuyanzhao-gc/src/router/index.ts","statementMap":{},"fnMap":{},"branchMap":{},"s":{},"f":{},"b":{}}
,"/Users/liuyanzhao/baidu/personal-code/liuyanzhao-gc/src/shared/constants.ts": {"path":"/Users/liuyanzhao/baidu/personal-code/liuyanzhao-gc/src/shared/constants.ts","statementMap":{},"fnMap":{},"branchMap":{},"s":{},"f":{},"b":{}}
,"/Users/liuyanzhao/baidu/personal-code/liuyanzhao-gc/src/shared/utils.ts": {"path":"/Users/liuyanzhao/baidu/personal-code/liuyanzhao-gc/src/shared/utils.ts","statementMap":{},"fnMap":{},"branchMap":{},"s":{},"f":{},"b":{}}
,"/Users/liuyanzhao/baidu/personal-code/liuyanzhao-gc/src/store/index.ts": {"path":"/Users/liuyanzhao/baidu/personal-code/liuyanzhao-gc/src/store/index.ts","statementMap":{},"fnMap":{},"branchMap":{},"s":{},"f":{},"b":{}}
,"/Users/liuyanzhao/baidu/personal-code/liuyanzhao-gc/src/types/types.ts": {"path":"/Users/liuyanzhao/baidu/personal-code/liuyanzhao-gc/src/types/types.ts","statementMap":{},"fnMap":{},"branchMap":{},"s":{},"f":{},"b":{}}
,"/Users/liuyanzhao/baidu/personal-code/liuyanzhao-gc/src/views/Home.vue": {"path":"/Users/liuyanzhao/baidu/personal-code/liuyanzhao-gc/src/views/Home.vue","statementMap":{},"fnMap":{},"branchMap":{},"s":{},"f":{},"b":{}}
}
