{"total": {"lines":{"total":172,"covered":107,"skipped":0,"pct":62.21},"statements":{"total":186,"covered":121,"skipped":0,"pct":65.05},"functions":{"total":46,"covered":32,"skipped":0,"pct":69.57},"branches":{"total":50,"covered":20,"skipped":0,"pct":40}}
,"/Users/liuyanzhao/code/taobao-shopping-cart/src/App.vue": {"lines":{"total":0,"covered":0,"skipped":0,"pct":0},"functions":{"total":0,"covered":0,"skipped":0,"pct":0},"statements":{"total":0,"covered":0,"skipped":0,"pct":0},"branches":{"total":0,"covered":0,"skipped":0,"pct":0}}
,"/Users/liuyanzhao/code/taobao-shopping-cart/src/main.ts": {"lines":{"total":0,"covered":0,"skipped":0,"pct":0},"functions":{"total":0,"covered":0,"skipped":0,"pct":0},"statements":{"total":0,"covered":0,"skipped":0,"pct":0},"branches":{"total":0,"covered":0,"skipped":0,"pct":0}}
,"/Users/liuyanzhao/code/taobao-shopping-cart/src/registerServiceWorker.ts": {"lines":{"total":0,"covered":0,"skipped":0,"pct":0},"functions":{"total":0,"covered":0,"skipped":0,"pct":0},"statements":{"total":0,"covered":0,"skipped":0,"pct":0},"branches":{"total":0,"covered":0,"skipped":0,"pct":0}}
,"/Users/liuyanzhao/code/taobao-shopping-cart/src/shims-tsx.d.ts": {"lines":{"total":0,"covered":0,"skipped":0,"pct":0},"functions":{"total":0,"covered":0,"skipped":0,"pct":0},"statements":{"total":0,"covered":0,"skipped":0,"pct":0},"branches":{"total":0,"covered":0,"skipped":0,"pct":0}}
,"/Users/liuyanzhao/code/taobao-shopping-cart/src/shims-vue.d.ts": {"lines":{"total":0,"covered":0,"skipped":0,"pct":0},"functions":{"total":0,"covered":0,"skipped":0,"pct":0},"statements":{"total":0,"covered":0,"skipped":0,"pct":0},"branches":{"total":0,"covered":0,"skipped":0,"pct":0}}
,"/Users/liuyanzhao/code/taobao-shopping-cart/src/assets/mock/data.ts": {"lines":{"total":1,"covered":1,"skipped":0,"pct":100},"functions":{"total":0,"covered":0,"skipped":0,"pct":100},"statements":{"total":1,"covered":1,"skipped":0,"pct":100},"branches":{"total":0,"covered":0,"skipped":0,"pct":100}}
,"/Users/liuyanzhao/code/taobao-shopping-cart/src/components/CommonFooter.vue": {"lines":{"total":2,"covered":2,"skipped":0,"pct":100},"functions":{"total":1,"covered":1,"skipped":0,"pct":100},"statements":{"total":3,"covered":3,"skipped":0,"pct":100},"branches":{"total":0,"covered":0,"skipped":0,"pct":100}}
,"/Users/liuyanzhao/code/taobao-shopping-cart/src/components/CommonHeader.vue": {"lines":{"total":2,"covered":2,"skipped":0,"pct":100},"functions":{"total":0,"covered":0,"skipped":0,"pct":100},"statements":{"total":3,"covered":3,"skipped":0,"pct":100},"branches":{"total":0,"covered":0,"skipped":0,"pct":100}}
,"/Users/liuyanzhao/code/taobao-shopping-cart/src/components/Item.vue": {"lines":{"total":148,"covered":87,"skipped":0,"pct":58.78},"functions":{"total":38,"covered":28,"skipped":0,"pct":73.68},"statements":{"total":157,"covered":96,"skipped":0,"pct":61.15},"branches":{"total":50,"covered":20,"skipped":0,"pct":40}}
,"/Users/liuyanzhao/code/taobao-shopping-cart/src/components/NoCommodities.vue": {"lines":{"total":0,"covered":0,"skipped":0,"pct":0},"functions":{"total":0,"covered":0,"skipped":0,"pct":0},"statements":{"total":0,"covered":0,"skipped":0,"pct":0},"branches":{"total":0,"covered":0,"skipped":0,"pct":0}}
,"/Users/liuyanzhao/code/taobao-shopping-cart/src/components/Overlay.vue": {"lines":{"total":0,"covered":0,"skipped":0,"pct":0},"functions":{"total":0,"covered":0,"skipped":0,"pct":0},"statements":{"total":0,"covered":0,"skipped":0,"pct":0},"branches":{"total":0,"covered":0,"skipped":0,"pct":0}}
,"/Users/liuyanzhao/code/taobao-shopping-cart/src/components/PurchaseRestrictionDialog.vue": {"lines":{"total":5,"covered":3,"skipped":0,"pct":60},"functions":{"total":2,"covered":0,"skipped":0,"pct":0},"statements":{"total":6,"covered":4,"skipped":0,"pct":66.67},"branches":{"total":0,"covered":0,"skipped":0,"pct":100}}
,"/Users/liuyanzhao/code/taobao-shopping-cart/src/components/SkuSelector.vue": {"lines":{"total":5,"covered":4,"skipped":0,"pct":80},"functions":{"total":2,"covered":1,"skipped":0,"pct":50},"statements":{"total":6,"covered":5,"skipped":0,"pct":83.33},"branches":{"total":0,"covered":0,"skipped":0,"pct":100}}
,"/Users/liuyanzhao/code/taobao-shopping-cart/src/components/Total.vue": {"lines":{"total":7,"covered":6,"skipped":0,"pct":85.71},"functions":{"total":3,"covered":2,"skipped":0,"pct":66.67},"statements":{"total":8,"covered":7,"skipped":0,"pct":87.5},"branches":{"total":0,"covered":0,"skipped":0,"pct":100}}
,"/Users/liuyanzhao/code/taobao-shopping-cart/src/router/index.ts": {"lines":{"total":0,"covered":0,"skipped":0,"pct":0},"functions":{"total":0,"covered":0,"skipped":0,"pct":0},"statements":{"total":0,"covered":0,"skipped":0,"pct":0},"branches":{"total":0,"covered":0,"skipped":0,"pct":0}}
,"/Users/liuyanzhao/code/taobao-shopping-cart/src/shared/constants.ts": {"lines":{"total":2,"covered":2,"skipped":0,"pct":100},"functions":{"total":0,"covered":0,"skipped":0,"pct":100},"statements":{"total":2,"covered":2,"skipped":0,"pct":100},"branches":{"total":0,"covered":0,"skipped":0,"pct":100}}
,"/Users/liuyanzhao/code/taobao-shopping-cart/src/shared/utils.ts": {"lines":{"total":0,"covered":0,"skipped":0,"pct":0},"functions":{"total":0,"covered":0,"skipped":0,"pct":0},"statements":{"total":0,"covered":0,"skipped":0,"pct":0},"branches":{"total":0,"covered":0,"skipped":0,"pct":0}}
,"/Users/liuyanzhao/code/taobao-shopping-cart/src/store/index.ts": {"lines":{"total":0,"covered":0,"skipped":0,"pct":0},"functions":{"total":0,"covered":0,"skipped":0,"pct":0},"statements":{"total":0,"covered":0,"skipped":0,"pct":0},"branches":{"total":0,"covered":0,"skipped":0,"pct":0}}
,"/Users/liuyanzhao/code/taobao-shopping-cart/src/types/types.ts": {"lines":{"total":0,"covered":0,"skipped":0,"pct":0},"functions":{"total":0,"covered":0,"skipped":0,"pct":0},"statements":{"total":0,"covered":0,"skipped":0,"pct":0},"branches":{"total":0,"covered":0,"skipped":0,"pct":0}}
,"/Users/liuyanzhao/code/taobao-shopping-cart/src/views/Home.vue": {"lines":{"total":0,"covered":0,"skipped":0,"pct":0},"functions":{"total":0,"covered":0,"skipped":0,"pct":0},"statements":{"total":0,"covered":0,"skipped":0,"pct":0},"branches":{"total":0,"covered":0,"skipped":0,"pct":0}}
}
