TN:
SF:src/App.vue
FNF:0
FNH:0
LF:0
LH:0
BRF:0
BRH:0
end_of_record
TN:
SF:src/main.ts
FNF:0
FNH:0
LF:0
LH:0
BRF:0
BRH:0
end_of_record
TN:
SF:src/registerServiceWorker.ts
FNF:0
FNH:0
LF:0
LH:0
BRF:0
BRH:0
end_of_record
TN:
SF:src/shims-tsx.d.ts
FNF:0
FNH:0
LF:0
LH:0
BRF:0
BRH:0
end_of_record
TN:
SF:src/shims-vue.d.ts
FNF:0
FNH:0
LF:0
LH:0
BRF:0
BRH:0
end_of_record
TN:
SF:src/assets/mock/data.ts
FNF:0
FNH:0
DA:5,8
LF:1
LH:1
BRF:0
BRH:0
end_of_record
TN:
SF:src/components/CommonFooter.vue
FN:18,(anonymous_0)
FNF:1
FNH:1
FNDA:8,(anonymous_0)
DA:18,8
DA:19,8
LF:2
LH:2
BRF:0
BRH:0
end_of_record
TN:
SF:src/components/CommonHeader.vue
FNF:0
FNH:0
DA:12,8
DA:13,8
LF:2
LH:2
BRF:0
BRH:0
end_of_record
TN:
SF:src/components/Item.vue
FN:335,(anonymous_0)
FN:369,(anonymous_1)
FN:371,(anonymous_2)
FN:377,(anonymous_3)
FN:387,(anonymous_4)
FN:389,(anonymous_5)
FN:395,(anonymous_6)
FN:396,(anonymous_7)
FN:400,(anonymous_8)
FN:401,(anonymous_9)
FN:405,(anonymous_10)
FN:409,(anonymous_11)
FN:416,(anonymous_12)
FN:420,(anonymous_13)
FN:427,(anonymous_14)
FN:429,(anonymous_15)
FN:436,(anonymous_16)
FN:440,(anonymous_17)
FN:448,(anonymous_18)
FN:458,(anonymous_19)
FN:461,(anonymous_20)
FN:475,(anonymous_21)
FN:517,(anonymous_22)
FN:539,(anonymous_23)
FN:558,(anonymous_24)
FN:559,(anonymous_25)
FN:577,(anonymous_26)
FN:584,(anonymous_27)
FN:598,(anonymous_28)
FN:635,(anonymous_29)
FN:642,(anonymous_30)
FN:651,(anonymous_31)
FN:666,(anonymous_32)
FN:667,(anonymous_33)
FN:673,(anonymous_34)
FN:678,(anonymous_35)
FN:682,(anonymous_36)
FN:683,(anonymous_37)
FNF:38
FNH:28
FNDA:6,(anonymous_0)
FNDA:0,(anonymous_1)
FNDA:0,(anonymous_2)
FNDA:162,(anonymous_3)
FNDA:132,(anonymous_4)
FNDA:552,(anonymous_5)
FNDA:1494,(anonymous_6)
FNDA:8292,(anonymous_7)
FNDA:3618,(anonymous_8)
FNDA:10278,(anonymous_9)
FNDA:1188,(anonymous_10)
FNDA:1782,(anonymous_11)
FNDA:1188,(anonymous_12)
FNDA:1494,(anonymous_13)
FNDA:1224,(anonymous_14)
FNDA:4284,(anonymous_15)
FNDA:54,(anonymous_16)
FNDA:78,(anonymous_17)
FNDA:36,(anonymous_18)
FNDA:0,(anonymous_19)
FNDA:54,(anonymous_20)
FNDA:54,(anonymous_21)
FNDA:54,(anonymous_22)
FNDA:36,(anonymous_23)
FNDA:1728,(anonymous_24)
FNDA:0,(anonymous_25)
FNDA:0,(anonymous_26)
FNDA:0,(anonymous_27)
FNDA:0,(anonymous_28)
FNDA:0,(anonymous_29)
FNDA:0,(anonymous_30)
FNDA:0,(anonymous_31)
FNDA:42,(anonymous_32)
FNDA:24,(anonymous_33)
FNDA:1152,(anonymous_34)
FNDA:6,(anonymous_35)
FNDA:36,(anonymous_36)
FNDA:54,(anonymous_37)
DA:335,8
DA:336,8
DA:338,8
DA:340,8
DA:342,8
DA:344,6
DA:347,6
DA:349,6
DA:351,6
DA:353,6
DA:355,6
DA:357,6
DA:359,6
DA:361,6
DA:363,6
DA:365,6
DA:367,6
DA:370,0
DA:371,0
DA:377,8
DA:378,162
DA:379,162
DA:380,162
DA:381,726
DA:388,132
DA:389,552
DA:391,132
DA:396,8292
DA:401,10278
DA:406,1188
DA:408,1188
DA:409,1782
DA:412,0
DA:417,1188
DA:419,1188
DA:420,1494
DA:423,0
DA:428,1224
DA:429,4284
DA:432,1224
DA:437,54
DA:438,54
DA:439,54
DA:440,78
DA:443,0
DA:449,36
DA:450,36
DA:452,36
DA:453,36
DA:454,0
DA:457,0
DA:458,0
DA:461,36
DA:462,54
DA:463,54
DA:484,54
DA:486,24
DA:487,6
DA:488,6
DA:489,6
DA:490,6
DA:492,18
DA:496,18
DA:497,18
DA:501,30
DA:502,0
DA:503,0
DA:504,0
DA:505,0
DA:507,30
DA:510,30
DA:511,30
DA:523,54
DA:524,36
DA:525,36
DA:526,36
DA:527,36
DA:529,18
DA:532,18
DA:533,18
DA:540,36
DA:541,36
DA:542,36
DA:545,36
DA:546,36
DA:547,54
DA:548,54
DA:550,36
DA:551,36
DA:553,0
DA:559,1728
DA:560,0
DA:563,0
DA:566,0
DA:567,0
DA:568,0
DA:570,0
DA:571,0
DA:578,0
DA:579,0
DA:580,0
DA:589,0
DA:590,0
DA:591,0
DA:592,0
DA:593,0
DA:594,0
DA:599,0
DA:600,0
DA:601,0
DA:605,0
DA:607,0
DA:609,0
DA:610,0
DA:614,0
DA:618,0
DA:621,0
DA:624,0
DA:625,0
DA:626,0
DA:628,0
DA:630,0
DA:636,0
DA:637,0
DA:638,0
DA:643,0
DA:644,0
DA:645,0
DA:646,0
DA:652,0
DA:653,0
DA:654,0
DA:655,0
DA:656,0
DA:658,0
DA:659,0
DA:660,0
DA:661,0
DA:667,42
DA:668,24
DA:674,1152
DA:675,1152
DA:679,6
DA:680,0
DA:682,6
DA:683,36
DA:684,54
DA:685,54
LF:148
LH:87
BRDA:408,0,0,1188
BRDA:408,0,1,0
BRDA:419,1,0,1188
BRDA:419,1,1,0
BRDA:438,2,0,54
BRDA:438,2,1,0
BRDA:452,3,0,36
BRDA:452,3,1,0
BRDA:453,4,0,0
BRDA:453,4,1,36
BRDA:462,5,0,54
BRDA:462,5,1,0
BRDA:484,6,0,24
BRDA:484,6,1,30
BRDA:486,7,0,6
BRDA:486,7,1,18
BRDA:496,8,0,18
BRDA:496,8,1,0
BRDA:501,9,0,0
BRDA:501,9,1,30
BRDA:510,10,0,30
BRDA:510,10,1,0
BRDA:523,11,0,36
BRDA:523,11,1,18
BRDA:532,12,0,18
BRDA:532,12,1,0
BRDA:550,13,0,36
BRDA:550,13,1,0
BRDA:566,14,0,0
BRDA:566,14,1,0
BRDA:599,15,0,0
BRDA:599,15,1,0
BRDA:600,16,0,0
BRDA:600,16,1,0
BRDA:609,17,0,0
BRDA:609,17,1,0
BRDA:614,18,0,0
BRDA:614,18,1,0
BRDA:625,19,0,0
BRDA:625,19,1,0
BRDA:644,20,0,0
BRDA:644,20,1,0
BRDA:652,21,0,0
BRDA:652,21,1,0
BRDA:675,22,0,0
BRDA:675,22,1,1152
BRDA:679,23,0,0
BRDA:679,23,1,6
BRDA:684,24,0,54
BRDA:684,24,1,0
BRF:50
BRH:20
end_of_record
TN:
SF:src/components/NoCommodities.vue
FNF:0
FNH:0
LF:0
LH:0
BRF:0
BRH:0
end_of_record
TN:
SF:src/components/Overlay.vue
FNF:0
FNH:0
LF:0
LH:0
BRF:0
BRH:0
end_of_record
TN:
SF:src/components/PurchaseRestrictionDialog.vue
FN:23,(anonymous_0)
FN:27,(anonymous_1)
FNF:2
FNH:0
FNDA:0,(anonymous_0)
FNDA:0,(anonymous_1)
DA:18,16
DA:19,16
DA:21,16
DA:24,0
DA:28,0
LF:5
LH:3
BRF:0
BRH:0
end_of_record
TN:
SF:src/components/SkuSelector.vue
FN:59,(anonymous_0)
FN:103,(anonymous_1)
FNF:2
FNH:1
FNDA:9,(anonymous_0)
FNDA:0,(anonymous_1)
DA:59,16
DA:60,16
DA:62,9
DA:95,9
DA:104,0
LF:5
LH:4
BRF:0
BRH:0
end_of_record
TN:
SF:src/components/Total.vue
FN:43,(anonymous_0)
FN:52,(anonymous_1)
FN:56,(anonymous_2)
FNF:3
FNH:2
FNDA:8,(anonymous_0)
FNDA:6,(anonymous_1)
FNDA:0,(anonymous_2)
DA:43,16
DA:44,16
DA:46,16
DA:48,16
DA:50,8
DA:53,6
DA:57,0
LF:7
LH:6
BRF:0
BRH:0
end_of_record
TN:
SF:src/router/index.ts
FNF:0
FNH:0
LF:0
LH:0
BRF:0
BRH:0
end_of_record
TN:
SF:src/shared/constants.ts
FNF:0
FNH:0
DA:3,8
DA:14,8
LF:2
LH:2
BRF:0
BRH:0
end_of_record
TN:
SF:src/shared/utils.ts
FNF:0
FNH:0
LF:0
LH:0
BRF:0
BRH:0
end_of_record
TN:
SF:src/store/index.ts
FNF:0
FNH:0
LF:0
LH:0
BRF:0
BRH:0
end_of_record
TN:
SF:src/types/types.ts
FNF:0
FNH:0
LF:0
LH:0
BRF:0
BRH:0
end_of_record
TN:
SF:src/views/Home.vue
FNF:0
FNH:0
LF:0
LH:0
BRF:0
BRH:0
end_of_record
